
Attaching package: ‘dplyr’

The following objects are masked from ‘package:stats’:

    filter, lag

The following objects are masked from ‘package:base’:

    intersect, setdiff, setequal, union


Attaching package: ‘magrittr’

The following object is masked from ‘package:tidyr’:

    extract


Attaching package: ‘lubridate’

The following objects are masked from ‘package:base’:

    date, intersect, setdiff, union


Attaching package: ‘purrr’

The following object is masked from ‘package:magrittr’:

    set_names


Attaching package: ‘tidylog’

The following objects are masked from ‘package:dplyr’:

    add_count, add_tally, anti_join, count, distinct, distinct_all,
    distinct_at, distinct_if, filter, filter_all, filter_at, filter_if,
    full_join, group_by, group_by_all, group_by_at, group_by_if,
    inner_join, left_join, mutate, mutate_all, mutate_at, mutate_if,
    relocate, rename, rename_all, rename_at, rename_if, rename_with,
    right_join, sample_frac, sample_n, select, select_all, select_at,
    select_if, semi_join, slice, slice_head, slice_max, slice_min,
    slice_sample, slice_tail, summarise, summarise_all, summarise_at,
    summarise_if, summarize, summarize_all, summarize_at, summarize_if,
    tally, top_frac, top_n, transmute, transmute_all, transmute_at,
    transmute_if, ungroup

The following objects are masked from ‘package:tidyr’:

    drop_na, fill, gather, pivot_longer, pivot_wider, replace_na,
    spread, uncount

The following object is masked from ‘package:stats’:

    filter


Attaching package: ‘rlang’

The following objects are masked from ‘package:purrr’:

    %@%, as_function, flatten, flatten_chr, flatten_dbl, flatten_int,
    flatten_lgl, flatten_raw, invoke, list_along, modify, prepend,
    splice

The following object is masked from ‘package:magrittr’:

    set_names

mutate: no changes
Excluding PVF_2019
Excluding WAA_2018
[[1]]
Excluding PVF_2019

[[2]]
Excluding WAA_2018

Warning message:
`combine()` is deprecated as of dplyr 1.0.0.
Please use `vctrs::vec_c()` instead.
[90mThis warning is displayed once every 8 hours.[39m
[90mCall `lifecycle::last_warnings()` to see where this warning was generated.[39m 
BSG: start
BSG: finished importing raw files
mutate_at: no changes
mutate_at: no changes
mutate_at: no changes
Joining, by = c("animal_id", "farm_id")
Joining, by = c("animal_id", "farm_id")
Joining, by = c("animal_id", "farm_id")
BSG: finished first clean
mutate_all: no changes
mutate_all: no changes
mutate_all: no changes
mutate_all: changed 5 values (3%) of 'animal_id' (0 new NA)
mutate_all: changed one value (2%) of 'animal_id' (0 new NA)
mutate_all: changed one value (1%) of 'animal_id' (0 new NA)
New names:
* NA -> ...1
* NA -> ...2
New names:
* NA -> ...1
* NA -> ...2
Found 187 new matches, 79 still unmatched
Found 0 new matches, 79 still unmatched
Found 0 new matches, 79 still unmatched
Found 0 new matches, 79 still unmatched
Found 0 new matches, 79 still unmatched
Found 0 new matches, 79 still unmatched
Found 0 new matches, 79 still unmatched
Found 0 new matches, 79 still unmatched
Found 0 new matches, 79 still unmatched
select: no changes
BSG: finished creating key
group_by: one grouping variable (registration_number)
filter (grouped): removed all rows (100%)
ungroup: no grouping variables
group_by: one grouping variable (barcode)
filter (grouped): removed all rows (100%)
ungroup: no grouping variables
group_by: one grouping variable (animal_id)
filter (grouped): removed all rows (100%)
ungroup: no grouping variables
group_by: one grouping variable (Lab_ID)
filter (grouped): removed all rows (100%)
ungroup: no grouping variables
[90m# A tibble: 5 x 3[39m
  farm  error                             n
  [3m[90m<chr>[39m[23m [3m[90m<chr>[39m[23m                         [3m[90m<int>[39m[23m
[90m1[39m BSG   Missing Lab ID                   79
[90m2[39m BSG   Duplicate registration number     0
[90m3[39m BSG   Duplicate barcode                 0
[90m4[39m BSG   Duplicate animal ID               0
[90m5[39m BSG   Duplicate Lab ID                  0
Found 153 new matches, 0 still unmatched
Found 49 new matches, 0 still unmatched
Found 107 new matches, 4 still unmatched
Found 0 new matches, 0 still unmatched
Found 0 new matches, 0 still unmatched
Found 0 new matches, 4 still unmatched
Found 0 new matches, 0 still unmatched
Found 0 new matches, 0 still unmatched
Found 4 new matches, 0 still unmatched
Joining, by = "temp_id"
BSG: finished reducing rows
CMF: start
CMF: finished importing raw files
mutate_at: no changes
mutate_at: no changes
mutate_at: no changes
Joining, by = c("animal_id", "farm_id")
Joining, by = c("animal_id", "farm_id")
Joining, by = c("animal_id", "farm_id")
CMF: finished first clean
mutate_all: no changes
mutate_all: no changes
mutate_all: no changes
mutate_all: changed 5 values (4%) of 'animal_id' (0 new NA)
mutate_all: changed 5 values (4%) of 'animal_id' (0 new NA)
mutate_all: changed 5 values (4%) of 'animal_id' (0 new NA)
New names:
* NA -> ...1
* NA -> ...2
New names:
* NA -> ...1
* NA -> ...2
Found 131 new matches, 10 still unmatched
Found 0 new matches, 10 still unmatched
Found 0 new matches, 10 still unmatched
Found 0 new matches, 10 still unmatched
Found 0 new matches, 10 still unmatched
Found 0 new matches, 10 still unmatched
Found 0 new matches, 10 still unmatched
Found 0 new matches, 10 still unmatched
Found 0 new matches, 10 still unmatched
select: no changes
CMF: finished creating key
group_by: one grouping variable (registration_number)
filter (grouped): removed all rows (100%)
ungroup: no grouping variables
group_by: one grouping variable (barcode)
filter (grouped): removed all rows (100%)
ungroup: no grouping variables
group_by: one grouping variable (animal_id)
filter (grouped): removed all rows (100%)
ungroup: no grouping variables
group_by: one grouping variable (Lab_ID)
filter (grouped): removed all rows (100%)
ungroup: no grouping variables
[90m# A tibble: 5 x 3[39m
  farm  error                             n
  [3m[90m<chr>[39m[23m [3m[90m<chr>[39m[23m                         [3m[90m<int>[39m[23m
[90m1[39m CMF   Missing Lab ID                   10
[90m2[39m CMF   Duplicate registration number     0
[90m3[39m CMF   Duplicate barcode                 0
[90m4[39m CMF   Duplicate animal ID               0
[90m5[39m CMF   Duplicate Lab ID                  0
Found 130 new matches, 1 still unmatched
Found 131 new matches, 0 still unmatched
Found 141 new matches, 0 still unmatched
Found 1 new matches, 0 still unmatched
Found 0 new matches, 0 still unmatched
Found 0 new matches, 0 still unmatched
Found 0 new matches, 0 still unmatched
Found 0 new matches, 0 still unmatched
Found 0 new matches, 0 still unmatched
Joining, by = "temp_id"
CMF: finished reducing rows
DPH: start
DPH: finished importing raw files
mutate_at: no changes
mutate_at: no changes
mutate_at: no changes
mutate_at: converted 'barcode' from logical to character (0 new NA)
Joining, by = c("animal_id", "farm_id")
Joining, by = c("animal_id", "farm_id")
Joining, by = c("animal_id", "farm_id")
Joining, by = c("animal_id", "farm_id")
DPH: finished first clean
mutate_all: no changes
mutate_all: no changes
mutate_all: no changes
mutate_all: no changes
mutate_all: no changes
mutate_all: no changes
mutate_all: no changes
mutate_all: no changes
New names:
* NA -> ...1
* NA -> ...2
New names:
* NA -> ...1
* NA -> ...2
New names:
* NA -> ...1
* NA -> ...2
Found 202 new matches, 1 still unmatched
Found 0 new matches, 1 still unmatched
Found 0 new matches, 1 still unmatched
Found 0 new matches, 1 still unmatched
Found 0 new matches, 1 still unmatched
Found 0 new matches, 1 still unmatched
Found 0 new matches, 1 still unmatched
Found 0 new matches, 1 still unmatched
Found 0 new matches, 1 still unmatched
select: no changes
DPH: finished creating key
group_by: one grouping variable (registration_number)
filter (grouped): removed all rows (100%)
ungroup: no grouping variables
group_by: one grouping variable (barcode)
filter (grouped): removed all rows (100%)
ungroup: no grouping variables
group_by: one grouping variable (animal_id)
filter (grouped): removed all rows (100%)
ungroup: no grouping variables
group_by: one grouping variable (Lab_ID)
filter (grouped): removed all rows (100%)
ungroup: no grouping variables
[90m# A tibble: 5 x 3[39m
  farm  error                             n
  [3m[90m<chr>[39m[23m [3m[90m<chr>[39m[23m                         [3m[90m<int>[39m[23m
[90m1[39m DPH   Missing Lab ID                    1
[90m2[39m DPH   Duplicate registration number     0
[90m3[39m DPH   Duplicate barcode                 0
[90m4[39m DPH   Duplicate animal ID               0
[90m5[39m DPH   Duplicate Lab ID                  0
Found 144 new matches, 0 still unmatched
Found 143 new matches, 0 still unmatched
Found 200 new matches, 0 still unmatched
Found 197 new matches, 0 still unmatched
Found 0 new matches, 0 still unmatched
Found 0 new matches, 0 still unmatched
Found 0 new matches, 0 still unmatched
Found 0 new matches, 0 still unmatched
Found 0 new matches, 0 still unmatched
Found 0 new matches, 0 still unmatched
Found 0 new matches, 0 still unmatched
Found 0 new matches, 0 still unmatched
Joining, by = "temp_id"
DPH: finished reducing rows
DRR: start
DRR: finished importing raw files
mutate_at: no changes
Joining, by = c("animal_id", "farm_id")
DRR: finished first clean
mutate_all: no changes
mutate_all: changed 15 values (36%) of 'animal_id' (0 new NA)
Found 36 new matches, 6 still unmatched
Found 6 new matches, 0 still unmatched
Found 0 new matches, 0 still unmatched
Found 0 new matches, 0 still unmatched
Found 0 new matches, 0 still unmatched
Found 0 new matches, 0 still unmatched
Found 0 new matches, 0 still unmatched
Found 0 new matches, 0 still unmatched
Found 0 new matches, 0 still unmatched
select: no changes
DRR: finished creating key
group_by: one grouping variable (registration_number)
filter (grouped): removed all rows (100%)
ungroup: no grouping variables
group_by: one grouping variable (barcode)
filter (grouped): removed all rows (100%)
ungroup: no grouping variables
group_by: one grouping variable (animal_id)
filter (grouped): removed all rows (100%)
ungroup: no grouping variables
group_by: one grouping variable (Lab_ID)
filter (grouped): removed all rows (100%)
ungroup: no grouping variables
[90m# A tibble: 5 x 3[39m
  farm  error                             n
  [3m[90m<chr>[39m[23m [3m[90m<chr>[39m[23m                         [3m[90m<int>[39m[23m
[90m1[39m DRR   Missing Lab ID                    0
[90m2[39m DRR   Duplicate registration number     0
[90m3[39m DRR   Duplicate barcode                 0
[90m4[39m DRR   Duplicate animal ID               0
[90m5[39m DRR   Duplicate Lab ID                  0
Found 37 new matches, 5 still unmatched
Found 5 new matches, 0 still unmatched
Found 0 new matches, 0 still unmatched
Joining, by = "temp_id"
DRR: finished reducing rows
EKF: start
EKF: finished importing raw files
mutate_at: no changes
mutate_at: no changes
mutate_at: no changes
mutate_at: no changes
Joining, by = c("animal_id", "farm_id")
Joining, by = c("animal_id", "farm_id")
Joining, by = c("animal_id", "farm_id")
Joining, by = c("animal_id", "farm_id")
EKF: finished first clean
mutate_all: no changes
mutate_all: no changes
mutate_all: no changes
mutate_all: no changes
mutate_all: no changes
mutate_all: no changes
mutate_all: no changes
mutate_all: no changes
New names:
* NA -> ...1
* NA -> ...2
New names:
* NA -> ...1
* NA -> ...2
New names:
* NA -> ...1
* NA -> ...2
Found 43 new matches, 9 still unmatched
Found 0 new matches, 9 still unmatched
Found 0 new matches, 9 still unmatched
Found 0 new matches, 9 still unmatched
Found 0 new matches, 9 still unmatched
Found 0 new matches, 9 still unmatched
Found 0 new matches, 9 still unmatched
Found 0 new matches, 9 still unmatched
Found 0 new matches, 9 still unmatched
select: no changes
EKF: finished creating key
group_by: one grouping variable (registration_number)
filter (grouped): removed all rows (100%)
ungroup: no grouping variables
group_by: one grouping variable (barcode)
filter (grouped): removed all rows (100%)
ungroup: no grouping variables
group_by: one grouping variable (animal_id)
filter (grouped): removed all rows (100%)
ungroup: no grouping variables
group_by: one grouping variable (Lab_ID)
filter (grouped): removed all rows (100%)
ungroup: no grouping variables
[90m# A tibble: 5 x 3[39m
  farm  error                             n
  [3m[90m<chr>[39m[23m [3m[90m<chr>[39m[23m                         [3m[90m<int>[39m[23m
[90m1[39m EKF   Missing Lab ID                    9
[90m2[39m EKF   Duplicate registration number     0
[90m3[39m EKF   Duplicate barcode                 0
[90m4[39m EKF   Duplicate animal ID               0
[90m5[39m EKF   Duplicate Lab ID                  0
Found 23 new matches, 0 still unmatched
Found 24 new matches, 0 still unmatched
Found 39 new matches, 1 still unmatched
Found 48 new matches, 0 still unmatched
Found 0 new matches, 0 still unmatched
Found 0 new matches, 0 still unmatched
Found 0 new matches, 1 still unmatched
Found 0 new matches, 0 still unmatched
Found 0 new matches, 0 still unmatched
Found 0 new matches, 0 still unmatched
Found 1 new matches, 0 still unmatched
Found 0 new matches, 0 still unmatched
Joining, by = "temp_id"
EKF: finished reducing rows
FAV: start
FAV: finished importing raw files
mutate_at: no changes
mutate_at: no changes
Joining, by = c("animal_id", "farm_id")
Joining, by = c("animal_id", "farm_id")
FAV: finished first clean
mutate_all: no changes
mutate_all: no changes
mutate_all: no changes
mutate_all: changed one value (2%) of 'animal_id' (0 new NA)
New names:
* NA -> ...1
* NA -> ...2
Found 60 new matches, 3 still unmatched
Found 0 new matches, 3 still unmatched
Found 0 new matches, 3 still unmatched
Found 0 new matches, 3 still unmatched
Found 0 new matches, 3 still unmatched
Found 0 new matches, 3 still unmatched
Found 0 new matches, 3 still unmatched
Found 0 new matches, 3 still unmatched
Found 0 new matches, 3 still unmatched
select: no changes
FAV: finished creating key
group_by: one grouping variable (registration_number)
filter (grouped): removed all rows (100%)
ungroup: no grouping variables
group_by: one grouping variable (barcode)
filter (grouped): removed all rows (100%)
ungroup: no grouping variables
group_by: one grouping variable (animal_id)
filter (grouped): removed all rows (100%)
ungroup: no grouping variables
group_by: one grouping variable (Lab_ID)
filter (grouped): removed all rows (100%)
ungroup: no grouping variables
[90m# A tibble: 5 x 3[39m
  farm  error                             n
  [3m[90m<chr>[39m[23m [3m[90m<chr>[39m[23m                         [3m[90m<int>[39m[23m
[90m1[39m FAV   Missing Lab ID                    3
[90m2[39m FAV   Duplicate registration number     0
[90m3[39m FAV   Duplicate barcode                 0
[90m4[39m FAV   Duplicate animal ID               0
[90m5[39m FAV   Duplicate Lab ID                  0
Found 61 new matches, 0 still unmatched
Found 63 new matches, 0 still unmatched
Found 0 new matches, 0 still unmatched
Found 0 new matches, 0 still unmatched
Found 0 new matches, 0 still unmatched
Found 0 new matches, 0 still unmatched
Joining, by = "temp_id"
FAV: finished reducing rows
FCF: start
FCF: finished importing raw files
mutate_at: no changes
mutate_at: no changes
mutate_at: no changes
Joining, by = c("animal_id", "farm_id")
Joining, by = c("animal_id", "farm_id")
Joining, by = c("animal_id", "farm_id")
FCF: finished first clean
mutate_all: no changes
mutate_all: no changes
mutate_all: no changes
mutate_all: no changes
mutate_all: no changes
mutate_all: no changes
New names:
* NA -> ...1
* NA -> ...2
New names:
* NA -> ...1
* NA -> ...2
Found 79 new matches, 3 still unmatched
Found 0 new matches, 3 still unmatched
Found 0 new matches, 3 still unmatched
Found 0 new matches, 3 still unmatched
Found 0 new matches, 3 still unmatched
Found 0 new matches, 3 still unmatched
Found 0 new matches, 3 still unmatched
Found 0 new matches, 3 still unmatched
Found 0 new matches, 3 still unmatched
select: no changes
FCF: finished creating key
group_by: one grouping variable (registration_number)
filter (grouped): removed all rows (100%)
ungroup: no grouping variables
group_by: one grouping variable (barcode)
filter (grouped): removed all rows (100%)
ungroup: no grouping variables
group_by: one grouping variable (animal_id)
filter (grouped): removed 80 rows (98%), 2 rows remaining
ungroup: no grouping variables
group_by: one grouping variable (Lab_ID)
filter (grouped): removed all rows (100%)
ungroup: no grouping variables
[90m# A tibble: 5 x 3[39m
  farm  error                             n
  [3m[90m<chr>[39m[23m [3m[90m<chr>[39m[23m                         [3m[90m<int>[39m[23m
[90m1[39m FCF   Missing Lab ID                    3
[90m2[39m FCF   Duplicate registration number     0
[90m3[39m FCF   Duplicate barcode                 0
[90m4[39m FCF   Duplicate animal ID               2
[90m5[39m FCF   Duplicate Lab ID                  0
Found 82 new matches, 0 still unmatched
Found 81 new matches, 0 still unmatched
Found 74 new matches, 0 still unmatched
Found 0 new matches, 0 still unmatched
Found 0 new matches, 0 still unmatched
Found 0 new matches, 0 still unmatched
Found 0 new matches, 0 still unmatched
Found 0 new matches, 0 still unmatched
Found 0 new matches, 0 still unmatched
Joining, by = "temp_id"
FCF: finished reducing rows
FHC: start
FHC: finished importing raw files
mutate_at: no changes
mutate_at: no changes
mutate_at: no changes
mutate_at: no changes
Joining, by = c("animal_id", "farm_id")
Joining, by = c("animal_id", "farm_id")
Joining, by = c("animal_id", "farm_id")
Joining, by = c("animal_id", "farm_id")
FHC: finished first clean
mutate_all: no changes
mutate_all: no changes
mutate_all: no changes
mutate_all: no changes
mutate_all: no changes
mutate_all: no changes
mutate_all: no changes
mutate_all: no changes
New names:
* NA -> ...1
* NA -> ...2
New names:
* NA -> ...1
* NA -> ...2
New names:
* NA -> ...1
* NA -> ...2
Found 405 new matches, 50 still unmatched
Found 8 new matches, 42 still unmatched
Found 19 new matches, 23 still unmatched
Found 0 new matches, 23 still unmatched
Found 0 new matches, 23 still unmatched
Found 0 new matches, 23 still unmatched
Found 0 new matches, 23 still unmatched
Found 0 new matches, 23 still unmatched
Found 0 new matches, 23 still unmatched
select: no changes
FHC: finished creating key
group_by: one grouping variable (registration_number)
filter (grouped): removed all rows (100%)
ungroup: no grouping variables
group_by: one grouping variable (barcode)
filter (grouped): removed all rows (100%)
ungroup: no grouping variables
group_by: one grouping variable (animal_id)
filter (grouped): removed all rows (100%)
ungroup: no grouping variables
group_by: one grouping variable (Lab_ID)
filter (grouped): removed all rows (100%)
ungroup: no grouping variables
[90m# A tibble: 5 x 3[39m
  farm  error                             n
  [3m[90m<chr>[39m[23m [3m[90m<chr>[39m[23m                         [3m[90m<int>[39m[23m
[90m1[39m FHC   Missing Lab ID                   23
[90m2[39m FHC   Duplicate registration number     0
[90m3[39m FHC   Duplicate barcode                 0
[90m4[39m FHC   Duplicate animal ID               0
[90m5[39m FHC   Duplicate Lab ID                  0
Found 342 new matches, 6 still unmatched
Found 325 new matches, 6 still unmatched
Found 346 new matches, 41 still unmatched
Found 319 new matches, 5 still unmatched
Found 6 new matches, 0 still unmatched
Found 0 new matches, 6 still unmatched
Found 6 new matches, 35 still unmatched
Found 5 new matches, 0 still unmatched
Found 0 new matches, 0 still unmatched
Found 6 new matches, 0 still unmatched
Found 35 new matches, 0 still unmatched
Found 0 new matches, 0 still unmatched
Joining, by = "temp_id"
FHC: finished reducing rows
FSR: start
FSR: finished importing raw files
mutate_at: no changes
mutate_at: no changes
mutate_at: no changes
Joining, by = c("animal_id", "farm_id")
Joining, by = c("animal_id", "farm_id")
Joining, by = c("animal_id", "farm_id")
FSR: finished first clean
mutate_all: no changes
mutate_all: no changes
mutate_all: no changes
mutate_all: changed one value (3%) of 'animal_id' (0 new NA)
mutate_all: changed one value (3%) of 'animal_id' (0 new NA)
mutate_all: no changes
New names:
* NA -> ...1
* NA -> ...2
New names:
* NA -> ...1
* NA -> ...2
Found 29 new matches, 17 still unmatched
Found 0 new matches, 17 still unmatched
Found 0 new matches, 17 still unmatched
Found 0 new matches, 17 still unmatched
Found 0 new matches, 17 still unmatched
Found 0 new matches, 17 still unmatched
Found 0 new matches, 17 still unmatched
Found 0 new matches, 17 still unmatched
Found 0 new matches, 17 still unmatched
select: no changes
FSR: finished creating key
group_by: one grouping variable (registration_number)
filter (grouped): removed all rows (100%)
ungroup: no grouping variables
group_by: one grouping variable (barcode)
filter (grouped): removed all rows (100%)
ungroup: no grouping variables
group_by: one grouping variable (animal_id)
filter (grouped): removed all rows (100%)
ungroup: no grouping variables
group_by: one grouping variable (Lab_ID)
filter (grouped): removed all rows (100%)
ungroup: no grouping variables
[90m# A tibble: 5 x 3[39m
  farm  error                             n
  [3m[90m<chr>[39m[23m [3m[90m<chr>[39m[23m                         [3m[90m<int>[39m[23m
[90m1[39m FSR   Missing Lab ID                   17
[90m2[39m FSR   Duplicate registration number     0
[90m3[39m FSR   Duplicate barcode                 0
[90m4[39m FSR   Duplicate animal ID               0
[90m5[39m FSR   Duplicate Lab ID                  0
Found 29 new matches, 0 still unmatched
Found 29 new matches, 0 still unmatched
Found 41 new matches, 1 still unmatched
Found 0 new matches, 0 still unmatched
Found 0 new matches, 0 still unmatched
Found 0 new matches, 1 still unmatched
Found 0 new matches, 0 still unmatched
Found 0 new matches, 0 still unmatched
Found 1 new matches, 0 still unmatched
Joining, by = "temp_id"
FSR: finished reducing rows
FTF: start
FTF: finished importing raw files
mutate_at: no changes
mutate_at: no changes
mutate_at: no changes
Joining, by = c("animal_id", "farm_id")
Joining, by = c("animal_id", "farm_id")
Joining, by = c("animal_id", "farm_id")
FTF: finished first clean
mutate_all: no changes
mutate_all: no changes
mutate_all: no changes
mutate_all: no changes
mutate_all: no changes
mutate_all: no changes
New names:
* NA -> ...1
* NA -> ...2
New names:
* NA -> ...1
* NA -> ...2
Found 245 new matches, 31 still unmatched
Found 0 new matches, 31 still unmatched
Found 0 new matches, 31 still unmatched
Found 0 new matches, 31 still unmatched
Found 0 new matches, 31 still unmatched
Found 0 new matches, 31 still unmatched
Found 0 new matches, 31 still unmatched
Found 0 new matches, 31 still unmatched
Found 0 new matches, 31 still unmatched
select: no changes
FTF: finished creating key
group_by: one grouping variable (registration_number)
filter (grouped): removed all rows (100%)
ungroup: no grouping variables
group_by: one grouping variable (barcode)
filter (grouped): removed all rows (100%)
ungroup: no grouping variables
group_by: one grouping variable (animal_id)
filter (grouped): removed all rows (100%)
ungroup: no grouping variables
group_by: one grouping variable (Lab_ID)
filter (grouped): removed all rows (100%)
ungroup: no grouping variables
[90m# A tibble: 5 x 3[39m
  farm  error                             n
  [3m[90m<chr>[39m[23m [3m[90m<chr>[39m[23m                         [3m[90m<int>[39m[23m
[90m1[39m FTF   Missing Lab ID                   31
[90m2[39m FTF   Duplicate registration number     0
[90m3[39m FTF   Duplicate barcode                 0
[90m4[39m FTF   Duplicate animal ID               0
[90m5[39m FTF   Duplicate Lab ID                  0
Found 276 new matches, 0 still unmatched
Found 276 new matches, 0 still unmatched
Found 187 new matches, 28 still unmatched
Found 0 new matches, 0 still unmatched
Found 0 new matches, 0 still unmatched
Found 0 new matches, 28 still unmatched
Found 0 new matches, 0 still unmatched
Found 0 new matches, 0 still unmatched
Found 28 new matches, 0 still unmatched
Joining, by = "temp_id"
FTF: finished reducing rows
GIB: start
GIB: finished importing raw files
mutate_at: converted 'barcode' from logical to character (0 new NA)
mutate_at: no changes
mutate_at: no changes
mutate_at: no changes
Joining, by = c("animal_id", "farm_id")
Joining, by = c("animal_id", "farm_id")
Joining, by = c("animal_id", "farm_id")
Joining, by = c("animal_id", "farm_id")
GIB: finished first clean
mutate_all: no changes
mutate_all: no changes
mutate_all: no changes
mutate_all: no changes
mutate_all: changed 8 values (1%) of 'registration_number' (0 new NA)
mutate_all: no changes
mutate_all: no changes
mutate_all: changed 11 values (1%) of 'registration_number' (0 new NA)
New names:
* NA -> ...1
* NA -> ...2
New names:
* NA -> ...1
* NA -> ...2
New names:
* NA -> ...1
* NA -> ...2
Found 1067 new matches, 79 still unmatched
Found 0 new matches, 79 still unmatched
Found 0 new matches, 79 still unmatched
Found 0 new matches, 79 still unmatched
Found 0 new matches, 79 still unmatched
Found 0 new matches, 79 still unmatched
Found 6 new matches, 73 still unmatched
Found 0 new matches, 73 still unmatched
Found 0 new matches, 73 still unmatched
select: no changes
GIB: finished creating key
group_by: one grouping variable (registration_number)
filter (grouped): removed all rows (100%)
ungroup: no grouping variables
group_by: one grouping variable (barcode)
filter (grouped): removed all rows (100%)
ungroup: no grouping variables
group_by: one grouping variable (animal_id)
filter (grouped): removed all rows (100%)
ungroup: no grouping variables
group_by: one grouping variable (Lab_ID)
filter (grouped): removed all rows (100%)
ungroup: no grouping variables
[90m# A tibble: 5 x 3[39m
  farm  error                             n
  [3m[90m<chr>[39m[23m [3m[90m<chr>[39m[23m                         [3m[90m<int>[39m[23m
[90m1[39m GIB   Missing Lab ID                   73
[90m2[39m GIB   Duplicate registration number     0
[90m3[39m GIB   Duplicate barcode                 0
[90m4[39m GIB   Duplicate animal ID               0
[90m5[39m GIB   Duplicate Lab ID                  0
Found 733 new matches, 8 still unmatched
Found 893 new matches, 0 still unmatched
Found 1022 new matches, 0 still unmatched
Found 1135 new matches, 11 still unmatched
Found 0 new matches, 8 still unmatched
Found 0 new matches, 0 still unmatched
Found 0 new matches, 0 still unmatched
Found 0 new matches, 11 still unmatched
Found 8 new matches, 0 still unmatched
Found 0 new matches, 0 still unmatched
Found 0 new matches, 0 still unmatched
Found 11 new matches, 0 still unmatched
Joining, by = "temp_id"
GIB: finished reducing rows
GOF: start
GOF: finished importing raw files
mutate_at: no changes
mutate_at: no changes
mutate_at: no changes
Joining, by = c("animal_id", "farm_id")
Joining, by = c("animal_id", "farm_id")
Joining, by = c("animal_id", "farm_id")
GOF: finished first clean
mutate_all: no changes
mutate_all: no changes
mutate_all: no changes
mutate_all: changed 3 values (7%) of 'animal_id' (0 new NA)
mutate_all: changed 3 values (7%) of 'animal_id' (0 new NA)
mutate_all: changed 3 values (5%) of 'animal_id' (0 new NA)
New names:
* NA -> ...1
* NA -> ...2
New names:
* NA -> ...1
* NA -> ...2
Found 44 new matches, 21 still unmatched
Found 0 new matches, 21 still unmatched
Found 0 new matches, 21 still unmatched
Found 0 new matches, 21 still unmatched
Found 0 new matches, 21 still unmatched
Found 0 new matches, 21 still unmatched
Found 0 new matches, 21 still unmatched
Found 0 new matches, 21 still unmatched
Found 0 new matches, 21 still unmatched
select: no changes
GOF: finished creating key
group_by: one grouping variable (registration_number)
filter (grouped): removed all rows (100%)
ungroup: no grouping variables
group_by: one grouping variable (barcode)
filter (grouped): removed all rows (100%)
ungroup: no grouping variables
group_by: one grouping variable (animal_id)
filter (grouped): removed all rows (100%)
ungroup: no grouping variables
group_by: one grouping variable (Lab_ID)
filter (grouped): removed all rows (100%)
ungroup: no grouping variables
[90m# A tibble: 5 x 3[39m
  farm  error                             n
  [3m[90m<chr>[39m[23m [3m[90m<chr>[39m[23m                         [3m[90m<int>[39m[23m
[90m1[39m GOF   Missing Lab ID                   21
[90m2[39m GOF   Duplicate registration number     0
[90m3[39m GOF   Duplicate barcode                 0
[90m4[39m GOF   Duplicate animal ID               0
[90m5[39m GOF   Duplicate Lab ID                  0
Found 45 new matches, 0 still unmatched
Found 45 new matches, 0 still unmatched
Found 57 new matches, 1 still unmatched
Found 0 new matches, 0 still unmatched
Found 0 new matches, 0 still unmatched
Found 0 new matches, 1 still unmatched
Found 0 new matches, 0 still unmatched
Found 0 new matches, 0 still unmatched
Found 1 new matches, 0 still unmatched
Joining, by = "temp_id"
GOF: finished reducing rows
HAF: start
HAF: finished importing raw files
mutate_at: no changes
mutate_at: no changes
mutate_at: no changes
Joining, by = c("animal_id", "farm_id")
Joining, by = c("animal_id", "farm_id")
Joining, by = c("animal_id", "farm_id")
HAF: finished first clean
mutate_all: no changes
mutate_all: no changes
mutate_all: no changes
mutate_all: changed one value (<1%) of 'animal_id' (0 new NA)
mutate_all: changed one value (<1%) of 'animal_id' (0 new NA)
mutate_all: changed one value (<1%) of 'animal_id' (0 new NA)
New names:
* NA -> ...1
* NA -> ...2
New names:
* NA -> ...1
* NA -> ...2
Found 215 new matches, 12 still unmatched
Found 10 new matches, 2 still unmatched
Found 1 new matches, 1 still unmatched
Found 0 new matches, 1 still unmatched
Found 0 new matches, 1 still unmatched
Found 0 new matches, 1 still unmatched
Found 0 new matches, 1 still unmatched
Found 0 new matches, 1 still unmatched
Found 0 new matches, 1 still unmatched
select: no changes
HAF: finished creating key
group_by: one grouping variable (registration_number)
filter (grouped): removed all rows (100%)
ungroup: no grouping variables
group_by: one grouping variable (barcode)
filter (grouped): removed all rows (100%)
ungroup: no grouping variables
group_by: one grouping variable (animal_id)
filter (grouped): removed all rows (100%)
ungroup: no grouping variables
group_by: one grouping variable (Lab_ID)
filter (grouped): removed all rows (100%)
ungroup: no grouping variables
[90m# A tibble: 5 x 3[39m
  farm  error                             n
  [3m[90m<chr>[39m[23m [3m[90m<chr>[39m[23m                         [3m[90m<int>[39m[23m
[90m1[39m HAF   Missing Lab ID                    1
[90m2[39m HAF   Duplicate registration number     0
[90m3[39m HAF   Duplicate barcode                 0
[90m4[39m HAF   Duplicate animal ID               0
[90m5[39m HAF   Duplicate Lab ID                  0
Found 223 new matches, 4 still unmatched
Found 224 new matches, 3 still unmatched
Found 221 new matches, 5 still unmatched
Found 4 new matches, 0 still unmatched
Found 3 new matches, 0 still unmatched
Found 4 new matches, 1 still unmatched
Found 0 new matches, 0 still unmatched
Found 0 new matches, 0 still unmatched
Found 1 new matches, 0 still unmatched
Joining, by = "temp_id"
HAF: finished reducing rows
HAR: start
HAR: finished importing raw files
mutate_at: no changes
mutate_at: no changes
mutate_at: no changes
Joining, by = c("animal_id", "farm_id")
Joining, by = c("animal_id", "farm_id")
Joining, by = c("animal_id", "farm_id")
HAR: finished first clean
mutate_all: no changes
mutate_all: no changes
mutate_all: no changes
mutate_all: no changes
mutate_all: no changes
mutate_all: no changes
New names:
* NA -> ...1
* NA -> ...2
New names:
* NA -> ...1
* NA -> ...2
Found 148 new matches, 8 still unmatched
Found 4 new matches, 4 still unmatched
Found 0 new matches, 4 still unmatched
Found 0 new matches, 4 still unmatched
Found 0 new matches, 4 still unmatched
Found 0 new matches, 4 still unmatched
Found 0 new matches, 4 still unmatched
Found 0 new matches, 4 still unmatched
Found 0 new matches, 4 still unmatched
select: no changes
HAR: finished creating key
group_by: one grouping variable (registration_number)
filter (grouped): removed all rows (100%)
ungroup: no grouping variables
group_by: one grouping variable (barcode)
filter (grouped): removed all rows (100%)
ungroup: no grouping variables
group_by: one grouping variable (animal_id)
filter (grouped): removed all rows (100%)
ungroup: no grouping variables
group_by: one grouping variable (Lab_ID)
filter (grouped): removed all rows (100%)
ungroup: no grouping variables
[90m# A tibble: 5 x 3[39m
  farm  error                             n
  [3m[90m<chr>[39m[23m [3m[90m<chr>[39m[23m                         [3m[90m<int>[39m[23m
[90m1[39m HAR   Missing Lab ID                    4
[90m2[39m HAR   Duplicate registration number     0
[90m3[39m HAR   Duplicate barcode                 0
[90m4[39m HAR   Duplicate animal ID               0
[90m5[39m HAR   Duplicate Lab ID                  0
Found 152 new matches, 4 still unmatched
Found 142 new matches, 0 still unmatched
Found 143 new matches, 0 still unmatched
Found 4 new matches, 0 still unmatched
Found 0 new matches, 0 still unmatched
Found 0 new matches, 0 still unmatched
Found 0 new matches, 0 still unmatched
Found 0 new matches, 0 still unmatched
Found 0 new matches, 0 still unmatched
Joining, by = "temp_id"
HAR: finished reducing rows
HBC: start
HBC: finished importing raw files
mutate_at: no changes
mutate_at: no changes
mutate_at: no changes
mutate_at: no changes
Joining, by = c("animal_id", "farm_id")
Joining, by = c("animal_id", "farm_id")
Joining, by = c("animal_id", "farm_id")
Joining, by = c("animal_id", "farm_id")
HBC: finished first clean
mutate_all: no changes
mutate_all: no changes
mutate_all: no changes
mutate_all: no changes
mutate_all: no changes
mutate_all: no changes
mutate_all: no changes
mutate_all: no changes
New names:
* NA -> ...1
* NA -> ...2
New names:
* NA -> ...1
* NA -> ...2
New names:
* NA -> ...1
* NA -> ...2
Found 102 new matches, 7 still unmatched
Found 0 new matches, 7 still unmatched
Found 0 new matches, 7 still unmatched
Found 0 new matches, 7 still unmatched
Found 0 new matches, 7 still unmatched
Found 0 new matches, 7 still unmatched
Found 0 new matches, 7 still unmatched
Found 0 new matches, 7 still unmatched
Found 0 new matches, 7 still unmatched
select: no changes
HBC: finished creating key
group_by: one grouping variable (registration_number)
filter (grouped): removed all rows (100%)
ungroup: no grouping variables
group_by: one grouping variable (barcode)
filter (grouped): removed all rows (100%)
ungroup: no grouping variables
group_by: one grouping variable (animal_id)
filter (grouped): removed all rows (100%)
ungroup: no grouping variables
group_by: one grouping variable (Lab_ID)
filter (grouped): removed all rows (100%)
ungroup: no grouping variables
[90m# A tibble: 5 x 3[39m
  farm  error                             n
  [3m[90m<chr>[39m[23m [3m[90m<chr>[39m[23m                         [3m[90m<int>[39m[23m
[90m1[39m HBC   Missing Lab ID                    7
[90m2[39m HBC   Duplicate registration number     0
[90m3[39m HBC   Duplicate barcode                 0
[90m4[39m HBC   Duplicate animal ID               0
[90m5[39m HBC   Duplicate Lab ID                  0
Found 53 new matches, 0 still unmatched
Found 53 new matches, 0 still unmatched
Found 87 new matches, 0 still unmatched
Found 84 new matches, 2 still unmatched
Found 0 new matches, 0 still unmatched
Found 0 new matches, 0 still unmatched
Found 0 new matches, 0 still unmatched
Found 1 new matches, 1 still unmatched
Found 0 new matches, 0 still unmatched
Found 0 new matches, 0 still unmatched
Found 0 new matches, 0 still unmatched
Found 1 new matches, 0 still unmatched
Joining, by = "temp_id"
HBC: finished reducing rows
HDF: start
HDF: finished importing raw files
mutate_at: no changes
mutate_at: no changes
mutate_at: no changes
mutate_at: no changes
Joining, by = c("animal_id", "farm_id")
Joining, by = c("animal_id", "farm_id")
Joining, by = c("animal_id", "farm_id")
Joining, by = c("animal_id", "farm_id")
HDF: finished first clean
mutate_all: no changes
mutate_all: no changes
mutate_all: no changes
mutate_all: no changes
mutate_all: no changes
mutate_all: no changes
mutate_all: no changes
mutate_all: no changes
New names:
* NA -> ...1
* NA -> ...2
New names:
* NA -> ...1
* NA -> ...2
New names:
* NA -> ...1
* NA -> ...2
Found 11 new matches, 0 still unmatched
Found 0 new matches, 0 still unmatched
Found 0 new matches, 0 still unmatched
Found 0 new matches, 0 still unmatched
Found 0 new matches, 0 still unmatched
Found 0 new matches, 0 still unmatched
Found 0 new matches, 0 still unmatched
Found 0 new matches, 0 still unmatched
Found 0 new matches, 0 still unmatched
select: no changes
HDF: finished creating key
group_by: one grouping variable (registration_number)
filter (grouped): removed all rows (100%)
ungroup: no grouping variables
group_by: one grouping variable (barcode)
filter (grouped): removed all rows (100%)
ungroup: no grouping variables
group_by: one grouping variable (animal_id)
filter (grouped): removed all rows (100%)
ungroup: no grouping variables
group_by: one grouping variable (Lab_ID)
filter (grouped): removed all rows (100%)
ungroup: no grouping variables
[90m# A tibble: 5 x 3[39m
  farm  error                             n
  [3m[90m<chr>[39m[23m [3m[90m<chr>[39m[23m                         [3m[90m<int>[39m[23m
[90m1[39m HDF   Missing Lab ID                    0
[90m2[39m HDF   Duplicate registration number     0
[90m3[39m HDF   Duplicate barcode                 0
[90m4[39m HDF   Duplicate animal ID               0
[90m5[39m HDF   Duplicate Lab ID                  0
Found 11 new matches, 0 still unmatched
Found 11 new matches, 0 still unmatched
Found 10 new matches, 0 still unmatched
Found 9 new matches, 0 still unmatched
Found 0 new matches, 0 still unmatched
Found 0 new matches, 0 still unmatched
Found 0 new matches, 0 still unmatched
Found 0 new matches, 0 still unmatched
Found 0 new matches, 0 still unmatched
Found 0 new matches, 0 still unmatched
Found 0 new matches, 0 still unmatched
Found 0 new matches, 0 still unmatched
Joining, by = "temp_id"
HDF: finished reducing rows
HLC: start
HLC: finished importing raw files
mutate_at: no changes
mutate_at: no changes
mutate_at: no changes
mutate_at: no changes
mutate_at: no changes
Joining, by = c("animal_id", "farm_id")
Joining, by = c("animal_id", "farm_id")
Joining, by = c("animal_id", "farm_id")
Joining, by = c("animal_id", "farm_id")
Joining, by = c("animal_id", "farm_id")
HLC: finished first clean
mutate_all: no changes
mutate_all: no changes
mutate_all: no changes
mutate_all: no changes
mutate_all: no changes
mutate_all: changed one value (1%) of 'animal_id' (0 new NA)
mutate_all: changed one value (1%) of 'animal_id' (0 new NA)
mutate_all: changed one value (1%) of 'animal_id' (0 new NA)
mutate_all: changed one value (1%) of 'animal_id' (0 new NA)
mutate_all: no changes
New names:
* NA -> ...1
* NA -> ...2
New names:
* NA -> ...1
* NA -> ...2
New names:
* NA -> ...1
* NA -> ...2
New names:
* NA -> ...1
* NA -> ...2
Found 218 new matches, 26 still unmatched
Found 1 new matches, 25 still unmatched
Found 0 new matches, 25 still unmatched
Found 0 new matches, 25 still unmatched
Found 0 new matches, 25 still unmatched
Found 0 new matches, 25 still unmatched
Found 0 new matches, 25 still unmatched
Found 0 new matches, 25 still unmatched
Found 0 new matches, 25 still unmatched
select: no changes
HLC: finished creating key
group_by: one grouping variable (registration_number)
filter (grouped): removed all rows (100%)
ungroup: no grouping variables
group_by: one grouping variable (barcode)
filter (grouped): removed all rows (100%)
ungroup: no grouping variables
group_by: one grouping variable (animal_id)
filter (grouped): removed all rows (100%)
ungroup: no grouping variables
group_by: one grouping variable (Lab_ID)
filter (grouped): removed all rows (100%)
ungroup: no grouping variables
[90m# A tibble: 5 x 3[39m
  farm  error                             n
  [3m[90m<chr>[39m[23m [3m[90m<chr>[39m[23m                         [3m[90m<int>[39m[23m
[90m1[39m HLC   Missing Lab ID                   25
[90m2[39m HLC   Duplicate registration number     0
[90m3[39m HLC   Duplicate barcode                 0
[90m4[39m HLC   Duplicate animal ID               0
[90m5[39m HLC   Duplicate Lab ID                  0
Found 157 new matches, 0 still unmatched
Found 157 new matches, 0 still unmatched
Found 161 new matches, 0 still unmatched
Found 156 new matches, 0 still unmatched
Found 161 new matches, 0 still unmatched
Found 0 new matches, 0 still unmatched
Found 0 new matches, 0 still unmatched
Found 0 new matches, 0 still unmatched
Found 0 new matches, 0 still unmatched
Found 0 new matches, 0 still unmatched
Found 0 new matches, 0 still unmatched
Found 0 new matches, 0 still unmatched
Found 0 new matches, 0 still unmatched
Found 0 new matches, 0 still unmatched
Found 0 new matches, 0 still unmatched
Joining, by = "temp_id"
HLC: finished reducing rows
J5C: start
J5C: finished importing raw files
mutate_at: no changes
mutate_at: no changes
mutate_at: no changes
mutate_at: no changes
mutate_at: no changes
Joining, by = c("animal_id", "farm_id")
Joining, by = c("animal_id", "farm_id")
Joining, by = c("animal_id", "farm_id")
Joining, by = c("animal_id", "farm_id")
Joining, by = c("animal_id", "farm_id")
J5C: finished first clean
mutate_all: no changes
mutate_all: no changes
mutate_all: no changes
mutate_all: no changes
mutate_all: no changes
mutate_all: no changes
mutate_all: no changes
mutate_all: no changes
mutate_all: no changes
mutate_all: no changes
New names:
* NA -> ...1
* NA -> ...2
New names:
* NA -> ...1
* NA -> ...2
New names:
* NA -> ...1
* NA -> ...2
New names:
* NA -> ...1
* NA -> ...2
Found 9 new matches, 99 still unmatched
Found 0 new matches, 99 still unmatched
Found 84 new matches, 15 still unmatched
Found 0 new matches, 15 still unmatched
Found 0 new matches, 15 still unmatched
Found 0 new matches, 15 still unmatched
Found 12 new matches, 3 still unmatched
Found 0 new matches, 3 still unmatched
Found 0 new matches, 3 still unmatched
select: no changes
J5C: finished creating key
group_by: one grouping variable (registration_number)
filter (grouped): removed all rows (100%)
ungroup: no grouping variables
group_by: one grouping variable (barcode)
filter (grouped): removed all rows (100%)
ungroup: no grouping variables
group_by: one grouping variable (animal_id)
filter (grouped): removed all rows (100%)
ungroup: no grouping variables
group_by: one grouping variable (Lab_ID)
filter (grouped): removed all rows (100%)
ungroup: no grouping variables
[90m# A tibble: 5 x 3[39m
  farm  error                             n
  [3m[90m<chr>[39m[23m [3m[90m<chr>[39m[23m                         [3m[90m<int>[39m[23m
[90m1[39m J5C   Missing Lab ID                    3
[90m2[39m J5C   Duplicate registration number     0
[90m3[39m J5C   Duplicate barcode                 0
[90m4[39m J5C   Duplicate animal ID               0
[90m5[39m J5C   Duplicate Lab ID                  0
Found 76 new matches, 0 still unmatched
Found 83 new matches, 0 still unmatched
Found 99 new matches, 0 still unmatched
Found 3 new matches, 85 still unmatched
Found 76 new matches, 0 still unmatched
Found 0 new matches, 0 still unmatched
Found 0 new matches, 0 still unmatched
Found 0 new matches, 0 still unmatched
Found 85 new matches, 0 still unmatched
Found 0 new matches, 0 still unmatched
Found 0 new matches, 0 still unmatched
Found 0 new matches, 0 still unmatched
Found 0 new matches, 0 still unmatched
Found 0 new matches, 0 still unmatched
Found 0 new matches, 0 still unmatched
Joining, by = "temp_id"
J5C: finished reducing rows
KCF: start
KCF: finished importing raw files
mutate_at: no changes
mutate_at: no changes
mutate_at: no changes
mutate_at: no changes
mutate_at: no changes
Joining, by = c("animal_id", "farm_id")
Joining, by = c("animal_id", "farm_id")
Joining, by = c("animal_id", "farm_id")
Joining, by = c("animal_id", "farm_id")
Joining, by = c("animal_id", "farm_id")
KCF: finished first clean
mutate_all: no changes
mutate_all: no changes
mutate_all: no changes
mutate_all: no changes
mutate_all: no changes
mutate_all: no changes
mutate_all: no changes
mutate_all: changed 3 values (4%) of 'animal_id' (0 new NA)
mutate_all: changed 3 values (4%) of 'animal_id' (0 new NA)
mutate_all: no changes
New names:
* NA -> ...1
* NA -> ...2
New names:
* NA -> ...1
* NA -> ...2
New names:
* NA -> ...1
* NA -> ...2
New names:
* NA -> ...1
* NA -> ...2
Found 69 new matches, 36 still unmatched
Found 0 new matches, 36 still unmatched
Found 0 new matches, 36 still unmatched
Found 0 new matches, 36 still unmatched
Found 0 new matches, 36 still unmatched
Found 0 new matches, 36 still unmatched
Found 0 new matches, 36 still unmatched
Found 0 new matches, 36 still unmatched
Found 0 new matches, 36 still unmatched
select: no changes
KCF: finished creating key
group_by: one grouping variable (registration_number)
filter (grouped): removed all rows (100%)
ungroup: no grouping variables
group_by: one grouping variable (barcode)
filter (grouped): removed all rows (100%)
ungroup: no grouping variables
group_by: one grouping variable (animal_id)
filter (grouped): removed all rows (100%)
ungroup: no grouping variables
group_by: one grouping variable (Lab_ID)
filter (grouped): removed all rows (100%)
ungroup: no grouping variables
[90m# A tibble: 5 x 3[39m
  farm  error                             n
  [3m[90m<chr>[39m[23m [3m[90m<chr>[39m[23m                         [3m[90m<int>[39m[23m
[90m1[39m KCF   Missing Lab ID                   36
[90m2[39m KCF   Duplicate registration number     0
[90m3[39m KCF   Duplicate barcode                 0
[90m4[39m KCF   Duplicate animal ID               0
[90m5[39m KCF   Duplicate Lab ID                  0
Found 33 new matches, 0 still unmatched
Found 44 new matches, 0 still unmatched
Found 75 new matches, 0 still unmatched
Found 70 new matches, 0 still unmatched
Found 90 new matches, 0 still unmatched
Found 0 new matches, 0 still unmatched
Found 0 new matches, 0 still unmatched
Found 0 new matches, 0 still unmatched
Found 0 new matches, 0 still unmatched
Found 0 new matches, 0 still unmatched
Found 0 new matches, 0 still unmatched
Found 0 new matches, 0 still unmatched
Found 0 new matches, 0 still unmatched
Found 0 new matches, 0 still unmatched
Found 0 new matches, 0 still unmatched
Joining, by = "temp_id"
KCF: finished reducing rows
KKF: start
KKF: finished importing raw files
mutate_at: no changes
mutate_at: no changes
mutate_at: no changes
mutate_at: no changes
mutate_at: no changes
Joining, by = c("animal_id", "farm_id")
Joining, by = c("animal_id", "farm_id")
Joining, by = c("animal_id", "farm_id")
Joining, by = c("animal_id", "farm_id")
Joining, by = c("animal_id", "farm_id")
KKF: finished first clean
mutate_all: no changes
mutate_all: no changes
mutate_all: no changes
mutate_all: no changes
mutate_all: no changes
mutate_all: no changes
mutate_all: no changes
mutate_all: changed one value (3%) of 'animal_id' (0 new NA)
mutate_all: no changes
mutate_all: no changes
New names:
* NA -> ...1
* NA -> ...2
New names:
* NA -> ...1
* NA -> ...2
New names:
* NA -> ...1
* NA -> ...2
New names:
* NA -> ...1
* NA -> ...2
Found 40 new matches, 17 still unmatched
Found 0 new matches, 17 still unmatched
Found 0 new matches, 17 still unmatched
Found 0 new matches, 17 still unmatched
Found 0 new matches, 17 still unmatched
Found 0 new matches, 17 still unmatched
Found 0 new matches, 17 still unmatched
Found 0 new matches, 17 still unmatched
Found 0 new matches, 17 still unmatched
select: no changes
KKF: finished creating key
group_by: one grouping variable (registration_number)
filter (grouped): removed all rows (100%)
ungroup: no grouping variables
group_by: one grouping variable (barcode)
filter (grouped): removed all rows (100%)
ungroup: no grouping variables
group_by: one grouping variable (animal_id)
filter (grouped): removed all rows (100%)
ungroup: no grouping variables
group_by: one grouping variable (Lab_ID)
filter (grouped): removed all rows (100%)
ungroup: no grouping variables
[90m# A tibble: 5 x 3[39m
  farm  error                             n
  [3m[90m<chr>[39m[23m [3m[90m<chr>[39m[23m                         [3m[90m<int>[39m[23m
[90m1[39m KKF   Missing Lab ID                   17
[90m2[39m KKF   Duplicate registration number     0
[90m3[39m KKF   Duplicate barcode                 0
[90m4[39m KKF   Duplicate animal ID               0
[90m5[39m KKF   Duplicate Lab ID                  0
Found 25 new matches, 0 still unmatched
Found 32 new matches, 0 still unmatched
Found 34 new matches, 3 still unmatched
Found 32 new matches, 1 still unmatched
Found 36 new matches, 0 still unmatched
Found 0 new matches, 0 still unmatched
Found 0 new matches, 0 still unmatched
Found 0 new matches, 3 still unmatched
Found 0 new matches, 1 still unmatched
Found 0 new matches, 0 still unmatched
Found 0 new matches, 0 still unmatched
Found 0 new matches, 0 still unmatched
Found 3 new matches, 0 still unmatched
Found 1 new matches, 0 still unmatched
Found 0 new matches, 0 still unmatched
Joining, by = "temp_id"
KKF: finished reducing rows
KLF: start
KLF: finished importing raw files
mutate_at: no changes
Joining, by = c("animal_id", "farm_id")
KLF: finished first clean
mutate_all: no changes
mutate_all: changed 43 values (69%) of 'animal_id' (0 new NA)
Found 48 new matches, 14 still unmatched
Found 9 new matches, 5 still unmatched
Found 0 new matches, 5 still unmatched
Found 0 new matches, 5 still unmatched
Found 2 new matches, 3 still unmatched
Found 0 new matches, 3 still unmatched
Found 0 new matches, 3 still unmatched
Found 0 new matches, 3 still unmatched
Found 0 new matches, 3 still unmatched
select: no changes
KLF: finished creating key
group_by: one grouping variable (registration_number)
filter (grouped): removed all rows (100%)
ungroup: no grouping variables
group_by: one grouping variable (barcode)
filter (grouped): removed all rows (100%)
ungroup: no grouping variables
group_by: one grouping variable (animal_id)
filter (grouped): removed all rows (100%)
ungroup: no grouping variables
group_by: one grouping variable (Lab_ID)
filter (grouped): removed all rows (100%)
ungroup: no grouping variables
[90m# A tibble: 5 x 3[39m
  farm  error                             n
  [3m[90m<chr>[39m[23m [3m[90m<chr>[39m[23m                         [3m[90m<int>[39m[23m
[90m1[39m KLF   Missing Lab ID                    3
[90m2[39m KLF   Duplicate registration number     0
[90m3[39m KLF   Duplicate barcode                 0
[90m4[39m KLF   Duplicate animal ID               0
[90m5[39m KLF   Duplicate Lab ID                  0
Found 51 new matches, 11 still unmatched
Found 11 new matches, 0 still unmatched
Found 0 new matches, 0 still unmatched
Joining, by = "temp_id"
KLF: finished reducing rows
L3F: start
L3F: finished importing raw files
mutate_at: no changes
mutate_at: no changes
Joining, by = c("animal_id", "farm_id")
Joining, by = c("animal_id", "farm_id")
L3F: finished first clean
mutate_all: no changes
mutate_all: no changes
mutate_all: no changes
mutate_all: no changes
New names:
* NA -> ...1
* NA -> ...2
Found 48 new matches, 15 still unmatched
Found 0 new matches, 15 still unmatched
Found 0 new matches, 15 still unmatched
Found 0 new matches, 15 still unmatched
Found 0 new matches, 15 still unmatched
Found 0 new matches, 15 still unmatched
Found 0 new matches, 15 still unmatched
Found 0 new matches, 15 still unmatched
Found 0 new matches, 15 still unmatched
select: no changes
L3F: finished creating key
group_by: one grouping variable (registration_number)
filter (grouped): removed all rows (100%)
ungroup: no grouping variables
group_by: one grouping variable (barcode)
filter (grouped): removed all rows (100%)
ungroup: no grouping variables
group_by: one grouping variable (animal_id)
filter (grouped): removed all rows (100%)
ungroup: no grouping variables
group_by: one grouping variable (Lab_ID)
filter (grouped): removed all rows (100%)
ungroup: no grouping variables
[90m# A tibble: 5 x 3[39m
  farm  error                             n
  [3m[90m<chr>[39m[23m [3m[90m<chr>[39m[23m                         [3m[90m<int>[39m[23m
[90m1[39m L3F   Missing Lab ID                   15
[90m2[39m L3F   Duplicate registration number     0
[90m3[39m L3F   Duplicate barcode                 0
[90m4[39m L3F   Duplicate animal ID               0
[90m5[39m L3F   Duplicate Lab ID                  0
Found 61 new matches, 2 still unmatched
Found 12 new matches, 0 still unmatched
Found 0 new matches, 2 still unmatched
Found 0 new matches, 0 still unmatched
Found 2 new matches, 0 still unmatched
Found 0 new matches, 0 still unmatched
Joining, by = "temp_id"
L3F: finished reducing rows
LAF: start
LAF: finished importing raw files
mutate_at: no changes
mutate_at: no changes
mutate_at: no changes
mutate_at: no changes
Joining, by = c("animal_id", "farm_id")
Joining, by = c("animal_id", "farm_id")
Joining, by = c("animal_id", "farm_id")
Joining, by = c("animal_id", "farm_id")
LAF: finished first clean
mutate_all: no changes
mutate_all: no changes
mutate_all: no changes
mutate_all: no changes
mutate_all: no changes
mutate_all: no changes
mutate_all: no changes
mutate_all: no changes
New names:
* NA -> ...1
* NA -> ...2
New names:
* NA -> ...1
* NA -> ...2
New names:
* NA -> ...1
* NA -> ...2
Found 107 new matches, 24 still unmatched
Found 3 new matches, 21 still unmatched
Found 0 new matches, 21 still unmatched
Found 0 new matches, 21 still unmatched
Found 0 new matches, 21 still unmatched
Found 0 new matches, 21 still unmatched
Found 0 new matches, 21 still unmatched
Found 0 new matches, 21 still unmatched
Found 0 new matches, 21 still unmatched
select: no changes
LAF: finished creating key
group_by: one grouping variable (registration_number)
filter (grouped): removed all rows (100%)
ungroup: no grouping variables
group_by: one grouping variable (barcode)
filter (grouped): removed all rows (100%)
ungroup: no grouping variables
group_by: one grouping variable (animal_id)
filter (grouped): removed 127 rows (97%), 4 rows remaining
ungroup: no grouping variables
group_by: one grouping variable (Lab_ID)
filter (grouped): removed all rows (100%)
ungroup: no grouping variables
[90m# A tibble: 5 x 3[39m
  farm  error                             n
  [3m[90m<chr>[39m[23m [3m[90m<chr>[39m[23m                         [3m[90m<int>[39m[23m
[90m1[39m LAF   Missing Lab ID                   21
[90m2[39m LAF   Duplicate registration number     0
[90m3[39m LAF   Duplicate barcode                 0
[90m4[39m LAF   Duplicate animal ID               4
[90m5[39m LAF   Duplicate Lab ID                  0
Found 72 new matches, 0 still unmatched
Found 75 new matches, 1 still unmatched
Found 108 new matches, 1 still unmatched
Found 126 new matches, 2 still unmatched
Found 0 new matches, 0 still unmatched
Found 0 new matches, 1 still unmatched
Found 0 new matches, 1 still unmatched
Found 0 new matches, 2 still unmatched
Found 0 new matches, 0 still unmatched
Found 1 new matches, 0 still unmatched
Found 1 new matches, 0 still unmatched
Found 2 new matches, 0 still unmatched
Joining, by = "temp_id"
LAF: finished reducing rows
LEF: start
LEF: finished importing raw files
mutate_at: no changes
mutate_at: no changes
Joining, by = c("animal_id", "farm_id")
Joining, by = c("animal_id", "farm_id")
LEF: finished first clean
mutate_all: no changes
mutate_all: no changes
mutate_all: changed 8 values (6%) of 'animal_id' (0 new NA)
mutate_all: changed 8 values (6%) of 'animal_id' (0 new NA)
New names:
* NA -> ...1
* NA -> ...2
Found 144 new matches, 1 still unmatched
Found 1 new matches, 0 still unmatched
Found 0 new matches, 0 still unmatched
Found 0 new matches, 0 still unmatched
Found 0 new matches, 0 still unmatched
Found 0 new matches, 0 still unmatched
Found 0 new matches, 0 still unmatched
Found 0 new matches, 0 still unmatched
Found 0 new matches, 0 still unmatched
select: no changes
LEF: finished creating key
group_by: one grouping variable (registration_number)
filter (grouped): removed all rows (100%)
ungroup: no grouping variables
group_by: one grouping variable (barcode)
filter (grouped): removed all rows (100%)
ungroup: no grouping variables
group_by: one grouping variable (animal_id)
filter (grouped): removed 139 rows (96%), 6 rows remaining
ungroup: no grouping variables
group_by: one grouping variable (Lab_ID)
filter (grouped): removed all rows (100%)
ungroup: no grouping variables
[90m# A tibble: 5 x 3[39m
  farm  error                             n
  [3m[90m<chr>[39m[23m [3m[90m<chr>[39m[23m                         [3m[90m<int>[39m[23m
[90m1[39m LEF   Missing Lab ID                    0
[90m2[39m LEF   Duplicate registration number     0
[90m3[39m LEF   Duplicate barcode                 0
[90m4[39m LEF   Duplicate animal ID               6
[90m5[39m LEF   Duplicate Lab ID                  0
Found 144 new matches, 1 still unmatched
Found 144 new matches, 1 still unmatched
Found 1 new matches, 0 still unmatched
Found 1 new matches, 0 still unmatched
Found 0 new matches, 0 still unmatched
Found 0 new matches, 0 still unmatched
Joining, by = "temp_id"
LEF: finished reducing rows
NOF: start
NOF: finished importing raw files
mutate_at: no changes
Joining, by = c("animal_id", "farm_id")
NOF: finished first clean
mutate_all: no changes
mutate_all: no changes
Found 92 new matches, 2 still unmatched
Found 0 new matches, 2 still unmatched
Found 2 new matches, 0 still unmatched
Found 0 new matches, 0 still unmatched
Found 0 new matches, 0 still unmatched
Found 0 new matches, 0 still unmatched
Found 0 new matches, 0 still unmatched
Found 0 new matches, 0 still unmatched
Found 0 new matches, 0 still unmatched
select: no changes
NOF: finished creating key
group_by: one grouping variable (registration_number)
filter (grouped): removed all rows (100%)
ungroup: no grouping variables
group_by: one grouping variable (barcode)
filter (grouped): removed all rows (100%)
ungroup: no grouping variables
group_by: one grouping variable (animal_id)
filter (grouped): removed all rows (100%)
ungroup: no grouping variables
group_by: one grouping variable (Lab_ID)
filter (grouped): removed all rows (100%)
ungroup: no grouping variables
[90m# A tibble: 5 x 3[39m
  farm  error                             n
  [3m[90m<chr>[39m[23m [3m[90m<chr>[39m[23m                         [3m[90m<int>[39m[23m
[90m1[39m NOF   Missing Lab ID                    0
[90m2[39m NOF   Duplicate registration number     0
[90m3[39m NOF   Duplicate barcode                 0
[90m4[39m NOF   Duplicate animal ID               0
[90m5[39m NOF   Duplicate Lab ID                  0
Found 92 new matches, 0 still unmatched
Found 0 new matches, 0 still unmatched
Found 0 new matches, 0 still unmatched
Joining, by = "temp_id"
NOF: finished reducing rows
OHF: start
OHF: finished importing raw files
mutate_at: no changes
mutate_at: no changes
mutate_at: no changes
mutate_at: no changes
Joining, by = c("animal_id", "farm_id")
Joining, by = c("animal_id", "farm_id")
Joining, by = c("animal_id", "farm_id")
Joining, by = c("animal_id", "farm_id")
OHF: finished first clean
mutate_all: no changes
mutate_all: no changes
mutate_all: no changes
mutate_all: no changes
mutate_all: no changes
mutate_all: no changes
mutate_all: no changes
mutate_all: no changes
New names:
* NA -> ...1
* NA -> ...2
New names:
* NA -> ...1
* NA -> ...2
New names:
* NA -> ...1
* NA -> ...2
Found 472 new matches, 47 still unmatched
Found 3 new matches, 44 still unmatched
Found 1 new matches, 43 still unmatched
Found 0 new matches, 43 still unmatched
Found 0 new matches, 43 still unmatched
Found 0 new matches, 43 still unmatched
Found 0 new matches, 43 still unmatched
Found 0 new matches, 43 still unmatched
Found 0 new matches, 43 still unmatched
select: no changes
OHF: finished creating key
group_by: one grouping variable (registration_number)
filter (grouped): removed all rows (100%)
ungroup: no grouping variables
group_by: one grouping variable (barcode)
filter (grouped): removed all rows (100%)
ungroup: no grouping variables
group_by: one grouping variable (animal_id)
filter (grouped): removed all rows (100%)
ungroup: no grouping variables
group_by: one grouping variable (Lab_ID)
filter (grouped): removed all rows (100%)
ungroup: no grouping variables
[90m# A tibble: 5 x 3[39m
  farm  error                             n
  [3m[90m<chr>[39m[23m [3m[90m<chr>[39m[23m                         [3m[90m<int>[39m[23m
[90m1[39m OHF   Missing Lab ID                   43
[90m2[39m OHF   Duplicate registration number     0
[90m3[39m OHF   Duplicate barcode                 0
[90m4[39m OHF   Duplicate animal ID               0
[90m5[39m OHF   Duplicate Lab ID                  0
Found 314 new matches, 0 still unmatched
Found 301 new matches, 0 still unmatched
Found 450 new matches, 0 still unmatched
Found 378 new matches, 0 still unmatched
Found 0 new matches, 0 still unmatched
Found 0 new matches, 0 still unmatched
Found 0 new matches, 0 still unmatched
Found 0 new matches, 0 still unmatched
Found 0 new matches, 0 still unmatched
Found 0 new matches, 0 still unmatched
Found 0 new matches, 0 still unmatched
Found 0 new matches, 0 still unmatched
Joining, by = "temp_id"
OHF: finished reducing rows
OHG: start
OHG: finished importing raw files
mutate_at: no changes
mutate_at: no changes
Joining, by = c("animal_id", "farm_id")
Joining, by = c("animal_id", "farm_id")
OHG: finished first clean
mutate_all: no changes
mutate_all: no changes
mutate_all: changed 22 values (6%) of 'animal_id' (0 new NA)
mutate_all: changed 22 values (6%) of 'animal_id' (0 new NA)
New names:
* NA -> ...1
* NA -> ...2
Found 373 new matches, 11 still unmatched
Found 3 new matches, 8 still unmatched
Found 0 new matches, 8 still unmatched
Found 0 new matches, 8 still unmatched
Found 0 new matches, 8 still unmatched
Found 0 new matches, 8 still unmatched
Found 0 new matches, 8 still unmatched
Found 0 new matches, 8 still unmatched
Found 0 new matches, 8 still unmatched
select: no changes
OHG: finished creating key
group_by: one grouping variable (registration_number)
filter (grouped): removed all rows (100%)
ungroup: no grouping variables
group_by: one grouping variable (barcode)
filter (grouped): removed all rows (100%)
ungroup: no grouping variables
group_by: one grouping variable (animal_id)
filter (grouped): removed all rows (100%)
ungroup: no grouping variables
group_by: one grouping variable (Lab_ID)
filter (grouped): removed all rows (100%)
ungroup: no grouping variables
[90m# A tibble: 5 x 3[39m
  farm  error                             n
  [3m[90m<chr>[39m[23m [3m[90m<chr>[39m[23m                         [3m[90m<int>[39m[23m
[90m1[39m OHG   Missing Lab ID                    8
[90m2[39m OHG   Duplicate registration number     0
[90m3[39m OHG   Duplicate barcode                 0
[90m4[39m OHG   Duplicate animal ID               0
[90m5[39m OHG   Duplicate Lab ID                  0
Found 372 new matches, 3 still unmatched
Found 375 new matches, 4 still unmatched
Found 3 new matches, 0 still unmatched
Found 4 new matches, 0 still unmatched
Found 0 new matches, 0 still unmatched
Found 0 new matches, 0 still unmatched
Joining, by = "temp_id"
OHG: finished reducing rows
PVF: start
PVF: finished importing raw files
mutate_at: no changes
mutate_at: converted 'barcode' from logical to character (0 new NA)
mutate_at: no changes
Joining, by = c("animal_id", "farm_id")
Joining, by = c("animal_id", "farm_id")
Joining, by = c("animal_id", "farm_id")
PVF: finished first clean
mutate_all: no changes
mutate_all: no changes
mutate_all: no changes
mutate_all: no changes
mutate_all: no changes
mutate_all: no changes
New names:
* NA -> ...1
* NA -> ...2
New names:
* NA -> ...1
* NA -> ...2
Found 119 new matches, 0 still unmatched
Found 0 new matches, 0 still unmatched
Found 0 new matches, 0 still unmatched
Found 0 new matches, 0 still unmatched
Found 0 new matches, 0 still unmatched
Found 0 new matches, 0 still unmatched
Found 0 new matches, 0 still unmatched
Found 0 new matches, 0 still unmatched
Found 0 new matches, 0 still unmatched
select: no changes
PVF: finished creating key
group_by: one grouping variable (registration_number)
filter (grouped): removed all rows (100%)
ungroup: no grouping variables
group_by: one grouping variable (barcode)
filter (grouped): removed all rows (100%)
ungroup: no grouping variables
group_by: one grouping variable (animal_id)
filter (grouped): removed 117 rows (98%), 2 rows remaining
ungroup: no grouping variables
group_by: one grouping variable (Lab_ID)
filter (grouped): removed all rows (100%)
ungroup: no grouping variables
[90m# A tibble: 5 x 3[39m
  farm  error                             n
  [3m[90m<chr>[39m[23m [3m[90m<chr>[39m[23m                         [3m[90m<int>[39m[23m
[90m1[39m PVF   Missing Lab ID                    0
[90m2[39m PVF   Duplicate registration number     0
[90m3[39m PVF   Duplicate barcode                 0
[90m4[39m PVF   Duplicate animal ID               2
[90m5[39m PVF   Duplicate Lab ID                  0
Found 119 new matches, 0 still unmatched
Found 119 new matches, 0 still unmatched
Found 119 new matches, 0 still unmatched
Found 0 new matches, 0 still unmatched
Found 0 new matches, 0 still unmatched
Found 0 new matches, 0 still unmatched
Found 0 new matches, 0 still unmatched
Found 0 new matches, 0 still unmatched
Found 0 new matches, 0 still unmatched
Joining, by = "temp_id"
PVF: finished reducing rows
PVR: start
PVR: finished importing raw files
mutate_at: no changes
mutate_at: no changes
mutate_at: no changes
Joining, by = c("animal_id", "farm_id")
Joining, by = c("animal_id", "farm_id")
Joining, by = c("animal_id", "farm_id")
PVR: finished first clean
mutate_all: no changes
mutate_all: no changes
mutate_all: no changes
mutate_all: no changes
mutate_all: no changes
mutate_all: no changes
New names:
* NA -> ...1
* NA -> ...2
New names:
* NA -> ...1
* NA -> ...2
Found 100 new matches, 21 still unmatched
Found 1 new matches, 20 still unmatched
Found 0 new matches, 20 still unmatched
Found 0 new matches, 20 still unmatched
Found 0 new matches, 20 still unmatched
Found 0 new matches, 20 still unmatched
Found 0 new matches, 20 still unmatched
Found 0 new matches, 20 still unmatched
Found 0 new matches, 20 still unmatched
select: no changes
PVR: finished creating key
group_by: one grouping variable (registration_number)
filter (grouped): removed all rows (100%)
ungroup: no grouping variables
group_by: one grouping variable (barcode)
filter (grouped): removed all rows (100%)
ungroup: no grouping variables
group_by: one grouping variable (animal_id)
filter (grouped): removed all rows (100%)
ungroup: no grouping variables
group_by: one grouping variable (Lab_ID)
filter (grouped): removed all rows (100%)
ungroup: no grouping variables
[90m# A tibble: 5 x 3[39m
  farm  error                             n
  [3m[90m<chr>[39m[23m [3m[90m<chr>[39m[23m                         [3m[90m<int>[39m[23m
[90m1[39m PVR   Missing Lab ID                   20
[90m2[39m PVR   Duplicate registration number     0
[90m3[39m PVR   Duplicate barcode                 0
[90m4[39m PVR   Duplicate animal ID               0
[90m5[39m PVR   Duplicate Lab ID                  0
Found 74 new matches, 1 still unmatched
Found 98 new matches, 1 still unmatched
Found 60 new matches, 1 still unmatched
Found 1 new matches, 0 still unmatched
Found 1 new matches, 0 still unmatched
Found 0 new matches, 1 still unmatched
Found 0 new matches, 0 still unmatched
Found 0 new matches, 0 still unmatched
Found 1 new matches, 0 still unmatched
Joining, by = "temp_id"
PVR: finished reducing rows
RAAF: start
RAAF: finished importing raw files
mutate_at: no changes
mutate_at: no changes
mutate_at: no changes
Joining, by = c("animal_id", "farm_id")
Joining, by = c("animal_id", "farm_id")
Joining, by = c("animal_id", "farm_id")
RAAF: finished first clean
mutate_all: no changes
mutate_all: no changes
mutate_all: no changes
mutate_all: no changes
mutate_all: no changes
mutate_all: no changes
New names:
* NA -> ...1
* NA -> ...2
New names:
* NA -> ...1
* NA -> ...2
Found 462 new matches, 8 still unmatched
Found 0 new matches, 8 still unmatched
Found 0 new matches, 8 still unmatched
Found 0 new matches, 8 still unmatched
Found 0 new matches, 8 still unmatched
Found 0 new matches, 8 still unmatched
Found 0 new matches, 8 still unmatched
Found 0 new matches, 8 still unmatched
Found 0 new matches, 8 still unmatched
select: no changes
RAAF: finished creating key
group_by: one grouping variable (registration_number)
filter (grouped): removed all rows (100%)
ungroup: no grouping variables
group_by: one grouping variable (barcode)
filter (grouped): removed all rows (100%)
ungroup: no grouping variables
group_by: one grouping variable (animal_id)
filter (grouped): removed all rows (100%)
ungroup: no grouping variables
group_by: one grouping variable (Lab_ID)
filter (grouped): removed all rows (100%)
ungroup: no grouping variables
[90m# A tibble: 5 x 3[39m
  farm  error                             n
  [3m[90m<chr>[39m[23m [3m[90m<chr>[39m[23m                         [3m[90m<int>[39m[23m
[90m1[39m RAAF  Missing Lab ID                    8
[90m2[39m RAAF  Duplicate registration number     0
[90m3[39m RAAF  Duplicate barcode                 0
[90m4[39m RAAF  Duplicate animal ID               0
[90m5[39m RAAF  Duplicate Lab ID                  0
Found 375 new matches, 1 still unmatched
Found 375 new matches, 1 still unmatched
Found 410 new matches, 53 still unmatched
Found 0 new matches, 1 still unmatched
Found 0 new matches, 1 still unmatched
Found 0 new matches, 53 still unmatched
Found 1 new matches, 0 still unmatched
Found 1 new matches, 0 still unmatched
Found 53 new matches, 0 still unmatched
Joining, by = "temp_id"
RAAF: finished reducing rows
RCF: start
RCF: finished importing raw files
mutate_at: no changes
mutate_at: no changes
mutate_at: no changes
mutate_at: no changes
mutate_at: no changes
Joining, by = c("animal_id", "farm_id")
Joining, by = c("animal_id", "farm_id")
Joining, by = c("animal_id", "farm_id")
Joining, by = c("animal_id", "farm_id")
Joining, by = c("animal_id", "farm_id")
RCF: finished first clean
mutate_all: no changes
mutate_all: no changes
mutate_all: no changes
mutate_all: no changes
mutate_all: no changes
mutate_all: no changes
mutate_all: no changes
mutate_all: no changes
mutate_all: no changes
mutate_all: no changes
New names:
* NA -> ...1
* NA -> ...2
New names:
* NA -> ...1
* NA -> ...2
New names:
* NA -> ...1
* NA -> ...2
New names:
* NA -> ...1
* NA -> ...2
Found 158 new matches, 0 still unmatched
Found 0 new matches, 0 still unmatched
Found 0 new matches, 0 still unmatched
Found 0 new matches, 0 still unmatched
Found 0 new matches, 0 still unmatched
Found 0 new matches, 0 still unmatched
Found 0 new matches, 0 still unmatched
Found 0 new matches, 0 still unmatched
Found 0 new matches, 0 still unmatched
select: no changes
RCF: finished creating key
group_by: one grouping variable (registration_number)
filter (grouped): removed all rows (100%)
ungroup: no grouping variables
group_by: one grouping variable (barcode)
filter (grouped): removed all rows (100%)
ungroup: no grouping variables
group_by: one grouping variable (animal_id)
filter (grouped): removed all rows (100%)
ungroup: no grouping variables
group_by: one grouping variable (Lab_ID)
filter (grouped): removed all rows (100%)
ungroup: no grouping variables
[90m# A tibble: 5 x 3[39m
  farm  error                             n
  [3m[90m<chr>[39m[23m [3m[90m<chr>[39m[23m                         [3m[90m<int>[39m[23m
[90m1[39m RCF   Missing Lab ID                    0
[90m2[39m RCF   Duplicate registration number     0
[90m3[39m RCF   Duplicate barcode                 0
[90m4[39m RCF   Duplicate animal ID               0
[90m5[39m RCF   Duplicate Lab ID                  0
Found 97 new matches, 0 still unmatched
Found 97 new matches, 0 still unmatched
Found 131 new matches, 0 still unmatched
Found 118 new matches, 0 still unmatched
Found 122 new matches, 0 still unmatched
Found 0 new matches, 0 still unmatched
Found 0 new matches, 0 still unmatched
Found 0 new matches, 0 still unmatched
Found 0 new matches, 0 still unmatched
Found 0 new matches, 0 still unmatched
Found 0 new matches, 0 still unmatched
Found 0 new matches, 0 still unmatched
Found 0 new matches, 0 still unmatched
Found 0 new matches, 0 still unmatched
Found 0 new matches, 0 still unmatched
Joining, by = "temp_id"
RCF: finished reducing rows
RHF: start
Error: Evaluation error: zip file '/Users/harlyjanedurbin/Box Sync/HairShedding/ReportedData/2020/~$DataRecording_RHF_2020.xlsx' cannot be opened.
In addition: There were 50 or more warnings (use warnings() to see the first 50)
Execution halted
